::1 - - [Sat, 23 Apr 2016 03:44:34 GMT] "GET /u/2014140220/2016-4-23/%5B%E8%BD%AC%E8%BD%BD%5D%E6%88%91 HTTP/1.1" 200 2310 "http://localhost:3000/u/2014140220/2016-4-23/%5B%E8%BD%AC%E8%BD%BD%5D%E6%88%91" "Mozilla/5.0 (Windows NT 6.3; WOW64) AppleWebKit/537.36 (KHTML, like Gecko) Chrome/49.0.2623.112 Safari/537.36"
::1 - - [Sat, 23 Apr 2016 03:44:34 GMT] "GET /stylesheets/style.css HTTP/1.1" 304 - "http://localhost:3000/u/2014140220/2016-4-23/%5B%E8%BD%AC%E8%BD%BD%5D%E6%88%91" "Mozilla/5.0 (Windows NT 6.3; WOW64) AppleWebKit/537.36 (KHTML, like Gecko) Chrome/49.0.2623.112 Safari/537.36"
::1 - - [Sat, 23 Apr 2016 03:44:35 GMT] "GET /favicon.ico HTTP/1.1" 200 224 "http://localhost:3000/u/2014140220/2016-4-23/%5B%E8%BD%AC%E8%BD%BD%5D%E6%88%91" "Mozilla/5.0 (Windows NT 6.3; WOW64) AppleWebKit/537.36 (KHTML, like Gecko) Chrome/49.0.2623.112 Safari/537.36"
::1 - - [Sat, 23 Apr 2016 03:44:39 GMT] "GET /favicon.ico HTTP/1.1" 304 - "http://localhost:3000/u/2014140220/2016-4-23/%5B%E8%BD%AC%E8%BD%BD%5D%E6%88%91" "Mozilla/5.0 (Windows NT 6.3; WOW64) AppleWebKit/537.36 (KHTML, like Gecko) Chrome/49.0.2623.112 Safari/537.36"
::1 - - [Sat, 23 Apr 2016 03:44:40 GMT] "GET /edit/2014140220/2016-4-23/[%E8%BD%AC%E8%BD%BD]%E6%88%91 HTTP/1.1" 200 1418 "http://localhost:3000/u/2014140220/2016-4-23/%5B%E8%BD%AC%E8%BD%BD%5D%E6%88%91" "Mozilla/5.0 (Windows NT 6.3; WOW64) AppleWebKit/537.36 (KHTML, like Gecko) Chrome/49.0.2623.112 Safari/537.36"
::1 - - [Sat, 23 Apr 2016 03:44:40 GMT] "GET /favicon.ico HTTP/1.1" 304 - "http://localhost:3000/edit/2014140220/2016-4-23/[%E8%BD%AC%E8%BD%BD]%E6%88%91" "Mozilla/5.0 (Windows NT 6.3; WOW64) AppleWebKit/537.36 (KHTML, like Gecko) Chrome/49.0.2623.112 Safari/537.36"
::1 - - [Sat, 23 Apr 2016 03:44:41 GMT] "GET /favicon.ico HTTP/1.1" 304 - "http://localhost:3000/u/2014140220/2016-4-23/%5B%E8%BD%AC%E8%BD%BD%5D%E6%88%91" "Mozilla/5.0 (Windows NT 6.3; WOW64) AppleWebKit/537.36 (KHTML, like Gecko) Chrome/49.0.2623.112 Safari/537.36"
::1 - - [Sat, 23 Apr 2016 03:44:42 GMT] "GET /favicon.ico HTTP/1.1" 304 - "http://localhost:3000/u/2014140223/2016-4-23/%E6%88%91" "Mozilla/5.0 (Windows NT 6.3; WOW64) AppleWebKit/537.36 (KHTML, like Gecko) Chrome/49.0.2623.112 Safari/537.36"
::1 - - [Sat, 23 Apr 2016 03:44:43 GMT] "GET /favicon.ico HTTP/1.1" 304 - "http://localhost:3000/" "Mozilla/5.0 (Windows NT 6.3; WOW64) AppleWebKit/537.36 (KHTML, like Gecko) Chrome/49.0.2623.112 Safari/537.36"
::1 - - [Sat, 23 Apr 2016 03:44:44 GMT] "GET /favicon.ico HTTP/1.1" 304 - "http://localhost:3000/u/2014140223/2016-4-23/%E6%88%91" "Mozilla/5.0 (Windows NT 6.3; WOW64) AppleWebKit/537.36 (KHTML, like Gecko) Chrome/49.0.2623.112 Safari/537.36"
::1 - - [Sat, 23 Apr 2016 03:44:46 GMT] "GET /u/2014140223 HTTP/1.1" 200 1337 "http://localhost:3000/u/2014140223/2016-4-23/%E6%88%91" "Mozilla/5.0 (Windows NT 6.3; WOW64) AppleWebKit/537.36 (KHTML, like Gecko) Chrome/49.0.2623.112 Safari/537.36"
::1 - - [Sat, 23 Apr 2016 03:44:46 GMT] "GET /stylesheets/style.css HTTP/1.1" 304 - "http://localhost:3000/u/2014140223" "Mozilla/5.0 (Windows NT 6.3; WOW64) AppleWebKit/537.36 (KHTML, like Gecko) Chrome/49.0.2623.112 Safari/537.36"
::1 - - [Sat, 23 Apr 2016 03:44:46 GMT] "GET /favicon.ico HTTP/1.1" 304 - "http://localhost:3000/u/2014140223" "Mozilla/5.0 (Windows NT 6.3; WOW64) AppleWebKit/537.36 (KHTML, like Gecko) Chrome/49.0.2623.112 Safari/537.36"
::1 - - [Sat, 23 Apr 2016 03:44:48 GMT] "GET /u/2014140223/2016-4-23/%E6%88%91 HTTP/1.1" 200 1936 "http://localhost:3000/u/2014140223" "Mozilla/5.0 (Windows NT 6.3; WOW64) AppleWebKit/537.36 (KHTML, like Gecko) Chrome/49.0.2623.112 Safari/537.36"
::1 - - [Sat, 23 Apr 2016 03:44:48 GMT] "GET /stylesheets/style.css HTTP/1.1" 304 - "http://localhost:3000/u/2014140223/2016-4-23/%E6%88%91" "Mozilla/5.0 (Windows NT 6.3; WOW64) AppleWebKit/537.36 (KHTML, like Gecko) Chrome/49.0.2623.112 Safari/537.36"
::1 - - [Sat, 23 Apr 2016 03:44:48 GMT] "GET /favicon.ico HTTP/1.1" 304 - "http://localhost:3000/u/2014140223/2016-4-23/%E6%88%91" "Mozilla/5.0 (Windows NT 6.3; WOW64) AppleWebKit/537.36 (KHTML, like Gecko) Chrome/49.0.2623.112 Safari/537.36"
::1 - - [Sat, 23 Apr 2016 08:47:12 GMT] "GET / HTTP/1.1" 500 971 "-" "Mozilla/5.0 (Windows NT 6.3; WOW64) AppleWebKit/537.36 (KHTML, like Gecko) Chrome/49.0.2623.112 Safari/537.36"
::1 - - [Sat, 23 Apr 2016 08:47:12 GMT] "GET / HTTP/1.1" - - "-" "Mozilla/5.0 (Windows NT 6.3; WOW64) AppleWebKit/537.36 (KHTML, like Gecko) Chrome/49.0.2623.112 Safari/537.36"
::1 - - [Sat, 23 Apr 2016 08:47:12 GMT] "GET /favicon.ico HTTP/1.1" 304 - "http://localhost:3000/" "Mozilla/5.0 (Windows NT 6.3; WOW64) AppleWebKit/537.36 (KHTML, like Gecko) Chrome/49.0.2623.112 Safari/537.36"
::1 - - [Sat, 23 Apr 2016 08:47:21 GMT] "GET / HTTP/1.1" 200 4757 "-" "Mozilla/5.0 (Windows NT 6.3; WOW64) AppleWebKit/537.36 (KHTML, like Gecko) Chrome/49.0.2623.112 Safari/537.36"
::1 - - [Sat, 23 Apr 2016 08:47:21 GMT] "GET /stylesheets/style.css HTTP/1.1" 304 - "http://localhost:3000/" "Mozilla/5.0 (Windows NT 6.3; WOW64) AppleWebKit/537.36 (KHTML, like Gecko) Chrome/49.0.2623.112 Safari/537.36"
::1 - - [Sat, 23 Apr 2016 08:47:21 GMT] "GET /favicon.ico HTTP/1.1" 304 - "http://localhost:3000/" "Mozilla/5.0 (Windows NT 6.3; WOW64) AppleWebKit/537.36 (KHTML, like Gecko) Chrome/49.0.2623.112 Safari/537.36"
::1 - - [Sat, 23 Apr 2016 08:47:26 GMT] "GET / HTTP/1.1" 304 - "http://localhost:3000/" "Mozilla/5.0 (Windows NT 6.3; WOW64) AppleWebKit/537.36 (KHTML, like Gecko) Chrome/49.0.2623.112 Safari/537.36"
::1 - - [Sat, 23 Apr 2016 08:47:26 GMT] "GET /stylesheets/style.css HTTP/1.1" 304 - "http://localhost:3000/" "Mozilla/5.0 (Windows NT 6.3; WOW64) AppleWebKit/537.36 (KHTML, like Gecko) Chrome/49.0.2623.112 Safari/537.36"
::1 - - [Sat, 23 Apr 2016 08:47:26 GMT] "GET /favicon.ico HTTP/1.1" 304 - "http://localhost:3000/" "Mozilla/5.0 (Windows NT 6.3; WOW64) AppleWebKit/537.36 (KHTML, like Gecko) Chrome/49.0.2623.112 Safari/537.36"
::1 - - [Sat, 23 Apr 2016 08:48:04 GMT] "GET /stylesheets/style.css HTTP/1.1" 304 - "http://localhost:3000/" "Mozilla/5.0 (Windows NT 6.3; WOW64) AppleWebKit/537.36 (KHTML, like Gecko) Chrome/49.0.2623.112 Safari/537.36"
::1 - - [Sat, 23 Apr 2016 08:48:04 GMT] "GET / HTTP/1.1" 200 747 "http://localhost:3000/" "Mozilla/5.0 (Windows NT 6.3; WOW64) AppleWebKit/537.36 (KHTML, like Gecko) Chrome/49.0.2623.112 Safari/537.36"
::1 - - [Sat, 23 Apr 2016 08:48:04 GMT] "GET /favicon.ico HTTP/1.1" 304 - "http://localhost:3000/" "Mozilla/5.0 (Windows NT 6.3; WOW64) AppleWebKit/537.36 (KHTML, like Gecko) Chrome/49.0.2623.112 Safari/537.36"
::1 - - [Sat, 23 Apr 2016 08:48:05 GMT] "GET /reg HTTP/1.1" 200 956 "http://localhost:3000/" "Mozilla/5.0 (Windows NT 6.3; WOW64) AppleWebKit/537.36 (KHTML, like Gecko) Chrome/49.0.2623.112 Safari/537.36"
::1 - - [Sat, 23 Apr 2016 08:48:05 GMT] "GET /stylesheets/style.css HTTP/1.1" 304 - "http://localhost:3000/reg" "Mozilla/5.0 (Windows NT 6.3; WOW64) AppleWebKit/537.36 (KHTML, like Gecko) Chrome/49.0.2623.112 Safari/537.36"
::1 - - [Sat, 23 Apr 2016 08:48:05 GMT] "GET /favicon.ico HTTP/1.1" 304 - "http://localhost:3000/reg" "Mozilla/5.0 (Windows NT 6.3; WOW64) AppleWebKit/537.36 (KHTML, like Gecko) Chrome/49.0.2623.112 Safari/537.36"
::1 - - [Sat, 23 Apr 2016 08:48:13 GMT] "POST /reg HTTP/1.1" 302 46 "http://localhost:3000/reg" "Mozilla/5.0 (Windows NT 6.3; WOW64) AppleWebKit/537.36 (KHTML, like Gecko) Chrome/49.0.2623.112 Safari/537.36"
::1 - - [Sat, 23 Apr 2016 08:48:13 GMT] "GET / HTTP/1.1" 200 789 "http://localhost:3000/reg" "Mozilla/5.0 (Windows NT 6.3; WOW64) AppleWebKit/537.36 (KHTML, like Gecko) Chrome/49.0.2623.112 Safari/537.36"
::1 - - [Sat, 23 Apr 2016 08:48:13 GMT] "GET /stylesheets/style.css HTTP/1.1" 304 - "http://localhost:3000/" "Mozilla/5.0 (Windows NT 6.3; WOW64) AppleWebKit/537.36 (KHTML, like Gecko) Chrome/49.0.2623.112 Safari/537.36"
::1 - - [Sat, 23 Apr 2016 08:48:13 GMT] "GET /favicon.ico HTTP/1.1" 304 - "http://localhost:3000/" "Mozilla/5.0 (Windows NT 6.3; WOW64) AppleWebKit/537.36 (KHTML, like Gecko) Chrome/49.0.2623.112 Safari/537.36"
::1 - - [Sat, 23 Apr 2016 08:48:16 GMT] "GET /login HTTP/1.1" 200 828 "http://localhost:3000/" "Mozilla/5.0 (Windows NT 6.3; WOW64) AppleWebKit/537.36 (KHTML, like Gecko) Chrome/49.0.2623.112 Safari/537.36"
::1 - - [Sat, 23 Apr 2016 08:48:16 GMT] "GET /stylesheets/style.css HTTP/1.1" 304 - "http://localhost:3000/login" "Mozilla/5.0 (Windows NT 6.3; WOW64) AppleWebKit/537.36 (KHTML, like Gecko) Chrome/49.0.2623.112 Safari/537.36"
::1 - - [Sat, 23 Apr 2016 08:48:16 GMT] "GET /favicon.ico HTTP/1.1" 304 - "http://localhost:3000/login" "Mozilla/5.0 (Windows NT 6.3; WOW64) AppleWebKit/537.36 (KHTML, like Gecko) Chrome/49.0.2623.112 Safari/537.36"
::1 - - [Sat, 23 Apr 2016 08:48:19 GMT] "POST /login HTTP/1.1" 302 46 "http://localhost:3000/login" "Mozilla/5.0 (Windows NT 6.3; WOW64) AppleWebKit/537.36 (KHTML, like Gecko) Chrome/49.0.2623.112 Safari/537.36"
::1 - - [Sat, 23 Apr 2016 08:48:19 GMT] "GET / HTTP/1.1" 200 986 "http://localhost:3000/login" "Mozilla/5.0 (Windows NT 6.3; WOW64) AppleWebKit/537.36 (KHTML, like Gecko) Chrome/49.0.2623.112 Safari/537.36"
::1 - - [Sat, 23 Apr 2016 08:48:19 GMT] "GET /stylesheets/style.css HTTP/1.1" 304 - "http://localhost:3000/" "Mozilla/5.0 (Windows NT 6.3; WOW64) AppleWebKit/537.36 (KHTML, like Gecko) Chrome/49.0.2623.112 Safari/537.36"
::1 - - [Sat, 23 Apr 2016 08:48:19 GMT] "GET /favicon.ico HTTP/1.1" 304 - "http://localhost:3000/" "Mozilla/5.0 (Windows NT 6.3; WOW64) AppleWebKit/537.36 (KHTML, like Gecko) Chrome/49.0.2623.112 Safari/537.36"
::1 - - [Sat, 23 Apr 2016 08:48:29 GMT] "GET /post HTTP/1.1" 200 1265 "http://localhost:3000/" "Mozilla/5.0 (Windows NT 6.3; WOW64) AppleWebKit/537.36 (KHTML, like Gecko) Chrome/49.0.2623.112 Safari/537.36"
::1 - - [Sat, 23 Apr 2016 08:48:29 GMT] "GET /stylesheets/style.css HTTP/1.1" 304 - "http://localhost:3000/post" "Mozilla/5.0 (Windows NT 6.3; WOW64) AppleWebKit/537.36 (KHTML, like Gecko) Chrome/49.0.2623.112 Safari/537.36"
::1 - - [Sat, 23 Apr 2016 08:48:29 GMT] "GET /favicon.ico HTTP/1.1" 304 - "http://localhost:3000/post" "Mozilla/5.0 (Windows NT 6.3; WOW64) AppleWebKit/537.36 (KHTML, like Gecko) Chrome/49.0.2623.112 Safari/537.36"
::1 - - [Sat, 23 Apr 2016 08:48:39 GMT] "POST /post HTTP/1.1" 302 46 "http://localhost:3000/post" "Mozilla/5.0 (Windows NT 6.3; WOW64) AppleWebKit/537.36 (KHTML, like Gecko) Chrome/49.0.2623.112 Safari/537.36"
::1 - - [Sat, 23 Apr 2016 08:48:39 GMT] "GET / HTTP/1.1" 200 1513 "http://localhost:3000/post" "Mozilla/5.0 (Windows NT 6.3; WOW64) AppleWebKit/537.36 (KHTML, like Gecko) Chrome/49.0.2623.112 Safari/537.36"
::1 - - [Sat, 23 Apr 2016 08:48:39 GMT] "GET /stylesheets/style.css HTTP/1.1" 304 - "http://localhost:3000/" "Mozilla/5.0 (Windows NT 6.3; WOW64) AppleWebKit/537.36 (KHTML, like Gecko) Chrome/49.0.2623.112 Safari/537.36"
::1 - - [Sat, 23 Apr 2016 08:48:39 GMT] "GET /favicon.ico HTTP/1.1" 304 - "http://localhost:3000/" "Mozilla/5.0 (Windows NT 6.3; WOW64) AppleWebKit/537.36 (KHTML, like Gecko) Chrome/49.0.2623.112 Safari/537.36"
::1 - - [Sat, 23 Apr 2016 08:48:45 GMT] "GET /u/2014140223/2016-4-23/hello%EF%BC%8Cworld%EF%BC%81 HTTP/1.1" 200 1829 "http://localhost:3000/" "Mozilla/5.0 (Windows NT 6.3; WOW64) AppleWebKit/537.36 (KHTML, like Gecko) Chrome/49.0.2623.112 Safari/537.36"
::1 - - [Sat, 23 Apr 2016 08:48:45 GMT] "GET /stylesheets/style.css HTTP/1.1" 304 - "http://localhost:3000/u/2014140223/2016-4-23/hello%EF%BC%8Cworld%EF%BC%81" "Mozilla/5.0 (Windows NT 6.3; WOW64) AppleWebKit/537.36 (KHTML, like Gecko) Chrome/49.0.2623.112 Safari/537.36"
::1 - - [Sat, 23 Apr 2016 08:48:45 GMT] "GET /favicon.ico HTTP/1.1" 304 - "http://localhost:3000/u/2014140223/2016-4-23/hello%EF%BC%8Cworld%EF%BC%81" "Mozilla/5.0 (Windows NT 6.3; WOW64) AppleWebKit/537.36 (KHTML, like Gecko) Chrome/49.0.2623.112 Safari/537.36"
::1 - - [Sat, 23 Apr 2016 08:48:50 GMT] "POST /u/2014140223/2016-4-23/hello%EF%BC%8Cworld%EF%BC%81 HTTP/1.1" 302 190 "http://localhost:3000/u/2014140223/2016-4-23/hello%EF%BC%8Cworld%EF%BC%81" "Mozilla/5.0 (Windows NT 6.3; WOW64) AppleWebKit/537.36 (KHTML, like Gecko) Chrome/49.0.2623.112 Safari/537.36"
::1 - - [Sat, 23 Apr 2016 08:48:50 GMT] "GET /u/2014140223/2016-4-23/hello%EF%BC%8Cworld%EF%BC%81 HTTP/1.1" 200 2134 "http://localhost:3000/u/2014140223/2016-4-23/hello%EF%BC%8Cworld%EF%BC%81" "Mozilla/5.0 (Windows NT 6.3; WOW64) AppleWebKit/537.36 (KHTML, like Gecko) Chrome/49.0.2623.112 Safari/537.36"
::1 - - [Sat, 23 Apr 2016 08:48:50 GMT] "GET /stylesheets/style.css HTTP/1.1" 304 - "http://localhost:3000/u/2014140223/2016-4-23/hello%EF%BC%8Cworld%EF%BC%81" "Mozilla/5.0 (Windows NT 6.3; WOW64) AppleWebKit/537.36 (KHTML, like Gecko) Chrome/49.0.2623.112 Safari/537.36"
::1 - - [Sat, 23 Apr 2016 08:48:50 GMT] "GET /favicon.ico HTTP/1.1" 304 - "http://localhost:3000/u/2014140223/2016-4-23/hello%EF%BC%8Cworld%EF%BC%81" "Mozilla/5.0 (Windows NT 6.3; WOW64) AppleWebKit/537.36 (KHTML, like Gecko) Chrome/49.0.2623.112 Safari/537.36"
::1 - - [Sat, 23 Apr 2016 08:48:54 GMT] "GET /logout HTTP/1.1" 302 46 "http://localhost:3000/u/2014140223/2016-4-23/hello%EF%BC%8Cworld%EF%BC%81" "Mozilla/5.0 (Windows NT 6.3; WOW64) AppleWebKit/537.36 (KHTML, like Gecko) Chrome/49.0.2623.112 Safari/537.36"
::1 - - [Sat, 23 Apr 2016 08:48:54 GMT] "GET / HTTP/1.1" 200 789 "http://localhost:3000/u/2014140223/2016-4-23/hello%EF%BC%8Cworld%EF%BC%81" "Mozilla/5.0 (Windows NT 6.3; WOW64) AppleWebKit/537.36 (KHTML, like Gecko) Chrome/49.0.2623.112 Safari/537.36"
::1 - - [Sat, 23 Apr 2016 08:48:54 GMT] "GET /stylesheets/style.css HTTP/1.1" 304 - "http://localhost:3000/" "Mozilla/5.0 (Windows NT 6.3; WOW64) AppleWebKit/537.36 (KHTML, like Gecko) Chrome/49.0.2623.112 Safari/537.36"
::1 - - [Sat, 23 Apr 2016 08:48:54 GMT] "GET /favicon.ico HTTP/1.1" 304 - "http://localhost:3000/" "Mozilla/5.0 (Windows NT 6.3; WOW64) AppleWebKit/537.36 (KHTML, like Gecko) Chrome/49.0.2623.112 Safari/537.36"
::1 - - [Sat, 23 Apr 2016 08:48:55 GMT] "GET /reg HTTP/1.1" 200 956 "http://localhost:3000/" "Mozilla/5.0 (Windows NT 6.3; WOW64) AppleWebKit/537.36 (KHTML, like Gecko) Chrome/49.0.2623.112 Safari/537.36"
::1 - - [Sat, 23 Apr 2016 08:48:55 GMT] "GET /stylesheets/style.css HTTP/1.1" 304 - "http://localhost:3000/reg" "Mozilla/5.0 (Windows NT 6.3; WOW64) AppleWebKit/537.36 (KHTML, like Gecko) Chrome/49.0.2623.112 Safari/537.36"
::1 - - [Sat, 23 Apr 2016 08:48:55 GMT] "GET /favicon.ico HTTP/1.1" 304 - "http://localhost:3000/reg" "Mozilla/5.0 (Windows NT 6.3; WOW64) AppleWebKit/537.36 (KHTML, like Gecko) Chrome/49.0.2623.112 Safari/537.36"
::1 - - [Sat, 23 Apr 2016 08:49:05 GMT] "POST /reg HTTP/1.1" 302 46 "http://localhost:3000/reg" "Mozilla/5.0 (Windows NT 6.3; WOW64) AppleWebKit/537.36 (KHTML, like Gecko) Chrome/49.0.2623.112 Safari/537.36"
::1 - - [Sat, 23 Apr 2016 08:49:05 GMT] "GET / HTTP/1.1" 200 789 "http://localhost:3000/reg" "Mozilla/5.0 (Windows NT 6.3; WOW64) AppleWebKit/537.36 (KHTML, like Gecko) Chrome/49.0.2623.112 Safari/537.36"
::1 - - [Sat, 23 Apr 2016 08:49:05 GMT] "GET /stylesheets/style.css HTTP/1.1" 304 - "http://localhost:3000/" "Mozilla/5.0 (Windows NT 6.3; WOW64) AppleWebKit/537.36 (KHTML, like Gecko) Chrome/49.0.2623.112 Safari/537.36"
::1 - - [Sat, 23 Apr 2016 08:49:05 GMT] "GET /favicon.ico HTTP/1.1" 304 - "http://localhost:3000/" "Mozilla/5.0 (Windows NT 6.3; WOW64) AppleWebKit/537.36 (KHTML, like Gecko) Chrome/49.0.2623.112 Safari/537.36"
::1 - - [Sat, 23 Apr 2016 08:49:07 GMT] "GET /login HTTP/1.1" 200 828 "http://localhost:3000/" "Mozilla/5.0 (Windows NT 6.3; WOW64) AppleWebKit/537.36 (KHTML, like Gecko) Chrome/49.0.2623.112 Safari/537.36"
::1 - - [Sat, 23 Apr 2016 08:49:07 GMT] "GET /stylesheets/style.css HTTP/1.1" 304 - "http://localhost:3000/login" "Mozilla/5.0 (Windows NT 6.3; WOW64) AppleWebKit/537.36 (KHTML, like Gecko) Chrome/49.0.2623.112 Safari/537.36"
::1 - - [Sat, 23 Apr 2016 08:49:07 GMT] "GET /favicon.ico HTTP/1.1" 304 - "http://localhost:3000/login" "Mozilla/5.0 (Windows NT 6.3; WOW64) AppleWebKit/537.36 (KHTML, like Gecko) Chrome/49.0.2623.112 Safari/537.36"
::1 - - [Sat, 23 Apr 2016 08:49:10 GMT] "POST /login HTTP/1.1" 302 46 "http://localhost:3000/login" "Mozilla/5.0 (Windows NT 6.3; WOW64) AppleWebKit/537.36 (KHTML, like Gecko) Chrome/49.0.2623.112 Safari/537.36"
::1 - - [Sat, 23 Apr 2016 08:49:10 GMT] "GET / HTTP/1.1" 200 986 "http://localhost:3000/login" "Mozilla/5.0 (Windows NT 6.3; WOW64) AppleWebKit/537.36 (KHTML, like Gecko) Chrome/49.0.2623.112 Safari/537.36"
::1 - - [Sat, 23 Apr 2016 08:49:10 GMT] "GET /stylesheets/style.css HTTP/1.1" 304 - "http://localhost:3000/" "Mozilla/5.0 (Windows NT 6.3; WOW64) AppleWebKit/537.36 (KHTML, like Gecko) Chrome/49.0.2623.112 Safari/537.36"
::1 - - [Sat, 23 Apr 2016 08:49:10 GMT] "GET /favicon.ico HTTP/1.1" 304 - "http://localhost:3000/" "Mozilla/5.0 (Windows NT 6.3; WOW64) AppleWebKit/537.36 (KHTML, like Gecko) Chrome/49.0.2623.112 Safari/537.36"
::1 - - [Sat, 23 Apr 2016 08:49:14 GMT] "GET /u/2014140223/2016-4-23/hello%EF%BC%8Cworld%EF%BC%81 HTTP/1.1" 200 2003 "-" "Mozilla/5.0 (Windows NT 6.3; WOW64) AppleWebKit/537.36 (KHTML, like Gecko) Chrome/49.0.2623.112 Safari/537.36"
::1 - - [Sat, 23 Apr 2016 08:49:14 GMT] "GET /stylesheets/style.css HTTP/1.1" 304 - "http://localhost:3000/u/2014140223/2016-4-23/hello%EF%BC%8Cworld%EF%BC%81" "Mozilla/5.0 (Windows NT 6.3; WOW64) AppleWebKit/537.36 (KHTML, like Gecko) Chrome/49.0.2623.112 Safari/537.36"
::1 - - [Sat, 23 Apr 2016 08:49:14 GMT] "GET /favicon.ico HTTP/1.1" 304 - "http://localhost:3000/u/2014140223/2016-4-23/hello%EF%BC%8Cworld%EF%BC%81" "Mozilla/5.0 (Windows NT 6.3; WOW64) AppleWebKit/537.36 (KHTML, like Gecko) Chrome/49.0.2623.112 Safari/537.36"
::1 - - [Sat, 23 Apr 2016 08:49:17 GMT] "GET /reprint/2014140223/2016-4-23/hello%EF%BC%8Cworld%EF%BC%81 HTTP/1.1" 302 196 "http://localhost:3000/u/2014140223/2016-4-23/hello%EF%BC%8Cworld%EF%BC%81" "Mozilla/5.0 (Windows NT 6.3; WOW64) AppleWebKit/537.36 (KHTML, like Gecko) Chrome/49.0.2623.112 Safari/537.36"
::1 - - [Sat, 23 Apr 2016 08:49:17 GMT] "GET /u/2014140220/2016-4-23/%5B%E8%BD%AC%E8%BD%BD%5Dhello%EF%BC%8Cworld%EF%BC%81 HTTP/1.1" 200 2154 "http://localhost:3000/u/2014140223/2016-4-23/hello%EF%BC%8Cworld%EF%BC%81" "Mozilla/5.0 (Windows NT 6.3; WOW64) AppleWebKit/537.36 (KHTML, like Gecko) Chrome/49.0.2623.112 Safari/537.36"
::1 - - [Sat, 23 Apr 2016 08:49:17 GMT] "GET /stylesheets/style.css HTTP/1.1" 304 - "http://localhost:3000/u/2014140220/2016-4-23/%5B%E8%BD%AC%E8%BD%BD%5Dhello%EF%BC%8Cworld%EF%BC%81" "Mozilla/5.0 (Windows NT 6.3; WOW64) AppleWebKit/537.36 (KHTML, like Gecko) Chrome/49.0.2623.112 Safari/537.36"
::1 - - [Sat, 23 Apr 2016 08:49:17 GMT] "GET /favicon.ico HTTP/1.1" 304 - "http://localhost:3000/u/2014140220/2016-4-23/%5B%E8%BD%AC%E8%BD%BD%5Dhello%EF%BC%8Cworld%EF%BC%81" "Mozilla/5.0 (Windows NT 6.3; WOW64) AppleWebKit/537.36 (KHTML, like Gecko) Chrome/49.0.2623.112 Safari/537.36"
::1 - - [Sat, 23 Apr 2016 08:49:19 GMT] "GET / HTTP/1.1" 200 1487 "http://localhost:3000/u/2014140220/2016-4-23/%5B%E8%BD%AC%E8%BD%BD%5Dhello%EF%BC%8Cworld%EF%BC%81" "Mozilla/5.0 (Windows NT 6.3; WOW64) AppleWebKit/537.36 (KHTML, like Gecko) Chrome/49.0.2623.112 Safari/537.36"
::1 - - [Sat, 23 Apr 2016 08:49:19 GMT] "GET /stylesheets/style.css HTTP/1.1" 304 - "http://localhost:3000/" "Mozilla/5.0 (Windows NT 6.3; WOW64) AppleWebKit/537.36 (KHTML, like Gecko) Chrome/49.0.2623.112 Safari/537.36"
::1 - - [Sat, 23 Apr 2016 08:49:19 GMT] "GET /favicon.ico HTTP/1.1" 304 - "http://localhost:3000/" "Mozilla/5.0 (Windows NT 6.3; WOW64) AppleWebKit/537.36 (KHTML, like Gecko) Chrome/49.0.2623.112 Safari/537.36"
::1 - - [Sat, 23 Apr 2016 08:49:22 GMT] "GET /post HTTP/1.1" 200 1265 "http://localhost:3000/" "Mozilla/5.0 (Windows NT 6.3; WOW64) AppleWebKit/537.36 (KHTML, like Gecko) Chrome/49.0.2623.112 Safari/537.36"
::1 - - [Sat, 23 Apr 2016 08:49:22 GMT] "GET /stylesheets/style.css HTTP/1.1" 304 - "http://localhost:3000/post" "Mozilla/5.0 (Windows NT 6.3; WOW64) AppleWebKit/537.36 (KHTML, like Gecko) Chrome/49.0.2623.112 Safari/537.36"
::1 - - [Sat, 23 Apr 2016 08:49:22 GMT] "GET /favicon.ico HTTP/1.1" 304 - "http://localhost:3000/post" "Mozilla/5.0 (Windows NT 6.3; WOW64) AppleWebKit/537.36 (KHTML, like Gecko) Chrome/49.0.2623.112 Safari/537.36"
::1 - - [Sat, 23 Apr 2016 08:49:29 GMT] "POST /post HTTP/1.1" 302 46 "http://localhost:3000/post" "Mozilla/5.0 (Windows NT 6.3; WOW64) AppleWebKit/537.36 (KHTML, like Gecko) Chrome/49.0.2623.112 Safari/537.36"
::1 - - [Sat, 23 Apr 2016 08:49:29 GMT] "GET / HTTP/1.1" 200 2017 "http://localhost:3000/post" "Mozilla/5.0 (Windows NT 6.3; WOW64) AppleWebKit/537.36 (KHTML, like Gecko) Chrome/49.0.2623.112 Safari/537.36"
::1 - - [Sat, 23 Apr 2016 08:49:29 GMT] "GET /stylesheets/style.css HTTP/1.1" 304 - "http://localhost:3000/" "Mozilla/5.0 (Windows NT 6.3; WOW64) AppleWebKit/537.36 (KHTML, like Gecko) Chrome/49.0.2623.112 Safari/537.36"
::1 - - [Sat, 23 Apr 2016 08:49:29 GMT] "GET /favicon.ico HTTP/1.1" 304 - "http://localhost:3000/" "Mozilla/5.0 (Windows NT 6.3; WOW64) AppleWebKit/537.36 (KHTML, like Gecko) Chrome/49.0.2623.112 Safari/537.36"
::1 - - [Sat, 23 Apr 2016 08:49:32 GMT] "GET /u/2014140220/2016-4-23/[%E8%BD%AC%E8%BD%BD]hello%EF%BC%8Cworld%EF%BC%81 HTTP/1.1" 200 2112 "http://localhost:3000/" "Mozilla/5.0 (Windows NT 6.3; WOW64) AppleWebKit/537.36 (KHTML, like Gecko) Chrome/49.0.2623.112 Safari/537.36"
::1 - - [Sat, 23 Apr 2016 08:49:32 GMT] "GET /stylesheets/style.css HTTP/1.1" 304 - "http://localhost:3000/u/2014140220/2016-4-23/[%E8%BD%AC%E8%BD%BD]hello%EF%BC%8Cworld%EF%BC%81" "Mozilla/5.0 (Windows NT 6.3; WOW64) AppleWebKit/537.36 (KHTML, like Gecko) Chrome/49.0.2623.112 Safari/537.36"
::1 - - [Sat, 23 Apr 2016 08:49:32 GMT] "GET /favicon.ico HTTP/1.1" 304 - "http://localhost:3000/u/2014140220/2016-4-23/[%E8%BD%AC%E8%BD%BD]hello%EF%BC%8Cworld%EF%BC%81" "Mozilla/5.0 (Windows NT 6.3; WOW64) AppleWebKit/537.36 (KHTML, like Gecko) Chrome/49.0.2623.112 Safari/537.36"
::1 - - [Sat, 23 Apr 2016 08:49:36 GMT] "GET /edit/2014140220/2016-4-23/[%E8%BD%AC%E8%BD%BD]hello%EF%BC%8Cworld%EF%BC%81 HTTP/1.1" 200 1460 "http://localhost:3000/u/2014140220/2016-4-23/[%E8%BD%AC%E8%BD%BD]hello%EF%BC%8Cworld%EF%BC%81" "Mozilla/5.0 (Windows NT 6.3; WOW64) AppleWebKit/537.36 (KHTML, like Gecko) Chrome/49.0.2623.112 Safari/537.36"
::1 - - [Sat, 23 Apr 2016 08:49:36 GMT] "GET /stylesheets/style.css HTTP/1.1" 304 - "http://localhost:3000/edit/2014140220/2016-4-23/[%E8%BD%AC%E8%BD%BD]hello%EF%BC%8Cworld%EF%BC%81" "Mozilla/5.0 (Windows NT 6.3; WOW64) AppleWebKit/537.36 (KHTML, like Gecko) Chrome/49.0.2623.112 Safari/537.36"
::1 - - [Sat, 23 Apr 2016 08:49:36 GMT] "GET /favicon.ico HTTP/1.1" 304 - "http://localhost:3000/edit/2014140220/2016-4-23/[%E8%BD%AC%E8%BD%BD]hello%EF%BC%8Cworld%EF%BC%81" "Mozilla/5.0 (Windows NT 6.3; WOW64) AppleWebKit/537.36 (KHTML, like Gecko) Chrome/49.0.2623.112 Safari/537.36"
::1 - - [Sat, 23 Apr 2016 08:49:49 GMT] "POST /edit/2014140220/2016-4-23/[%E8%BD%AC%E8%BD%BD]hello%EF%BC%8Cworld%EF%BC%81 HTTP/1.1" 302 196 "http://localhost:3000/edit/2014140220/2016-4-23/[%E8%BD%AC%E8%BD%BD]hello%EF%BC%8Cworld%EF%BC%81" "Mozilla/5.0 (Windows NT 6.3; WOW64) AppleWebKit/537.36 (KHTML, like Gecko) Chrome/49.0.2623.112 Safari/537.36"
::1 - - [Sat, 23 Apr 2016 08:49:49 GMT] "GET /u/2014140220/2016-4-23/%5B%E8%BD%AC%E8%BD%BD%5Dhello%EF%BC%8Cworld%EF%BC%81 HTTP/1.1" 200 2170 "http://localhost:3000/edit/2014140220/2016-4-23/[%E8%BD%AC%E8%BD%BD]hello%EF%BC%8Cworld%EF%BC%81" "Mozilla/5.0 (Windows NT 6.3; WOW64) AppleWebKit/537.36 (KHTML, like Gecko) Chrome/49.0.2623.112 Safari/537.36"
::1 - - [Sat, 23 Apr 2016 08:49:49 GMT] "GET /stylesheets/style.css HTTP/1.1" 304 - "http://localhost:3000/u/2014140220/2016-4-23/%5B%E8%BD%AC%E8%BD%BD%5Dhello%EF%BC%8Cworld%EF%BC%81" "Mozilla/5.0 (Windows NT 6.3; WOW64) AppleWebKit/537.36 (KHTML, like Gecko) Chrome/49.0.2623.112 Safari/537.36"
::1 - - [Sat, 23 Apr 2016 08:49:49 GMT] "GET /favicon.ico HTTP/1.1" 304 - "http://localhost:3000/u/2014140220/2016-4-23/%5B%E8%BD%AC%E8%BD%BD%5Dhello%EF%BC%8Cworld%EF%BC%81" "Mozilla/5.0 (Windows NT 6.3; WOW64) AppleWebKit/537.36 (KHTML, like Gecko) Chrome/49.0.2623.112 Safari/537.36"
::1 - - [Sat, 23 Apr 2016 08:49:58 GMT] "POST /u/2014140220/2016-4-23/%5B%E8%BD%AC%E8%BD%BD%5Dhello%EF%BC%8Cworld%EF%BC%81 HTTP/1.1" 302 238 "http://localhost:3000/u/2014140220/2016-4-23/%5B%E8%BD%AC%E8%BD%BD%5Dhello%EF%BC%8Cworld%EF%BC%81" "Mozilla/5.0 (Windows NT 6.3; WOW64) AppleWebKit/537.36 (KHTML, like Gecko) Chrome/49.0.2623.112 Safari/537.36"
::1 - - [Sat, 23 Apr 2016 08:49:58 GMT] "GET /u/2014140220/2016-4-23/%5B%E8%BD%AC%E8%BD%BD%5Dhello%EF%BC%8Cworld%EF%BC%81 HTTP/1.1" 200 2435 "http://localhost:3000/u/2014140220/2016-4-23/%5B%E8%BD%AC%E8%BD%BD%5Dhello%EF%BC%8Cworld%EF%BC%81" "Mozilla/5.0 (Windows NT 6.3; WOW64) AppleWebKit/537.36 (KHTML, like Gecko) Chrome/49.0.2623.112 Safari/537.36"
::1 - - [Sat, 23 Apr 2016 08:49:58 GMT] "GET /stylesheets/style.css HTTP/1.1" 304 - "http://localhost:3000/u/2014140220/2016-4-23/%5B%E8%BD%AC%E8%BD%BD%5Dhello%EF%BC%8Cworld%EF%BC%81" "Mozilla/5.0 (Windows NT 6.3; WOW64) AppleWebKit/537.36 (KHTML, like Gecko) Chrome/49.0.2623.112 Safari/537.36"
::1 - - [Sat, 23 Apr 2016 08:49:59 GMT] "GET /favicon.ico HTTP/1.1" 304 - "http://localhost:3000/u/2014140220/2016-4-23/%5B%E8%BD%AC%E8%BD%BD%5Dhello%EF%BC%8Cworld%EF%BC%81" "Mozilla/5.0 (Windows NT 6.3; WOW64) AppleWebKit/537.36 (KHTML, like Gecko) Chrome/49.0.2623.112 Safari/537.36"
::1 - - [Sat, 23 Apr 2016 08:50:00 GMT] "GET / HTTP/1.1" 200 1991 "http://localhost:3000/u/2014140220/2016-4-23/%5B%E8%BD%AC%E8%BD%BD%5Dhello%EF%BC%8Cworld%EF%BC%81" "Mozilla/5.0 (Windows NT 6.3; WOW64) AppleWebKit/537.36 (KHTML, like Gecko) Chrome/49.0.2623.112 Safari/537.36"
::1 - - [Sat, 23 Apr 2016 08:50:00 GMT] "GET /stylesheets/style.css HTTP/1.1" 304 - "http://localhost:3000/" "Mozilla/5.0 (Windows NT 6.3; WOW64) AppleWebKit/537.36 (KHTML, like Gecko) Chrome/49.0.2623.112 Safari/537.36"
::1 - - [Sat, 23 Apr 2016 08:50:00 GMT] "GET /favicon.ico HTTP/1.1" 304 - "http://localhost:3000/" "Mozilla/5.0 (Windows NT 6.3; WOW64) AppleWebKit/537.36 (KHTML, like Gecko) Chrome/49.0.2623.112 Safari/537.36"
::1 - - [Sat, 23 Apr 2016 08:50:03 GMT] "GET /archive HTTP/1.1" 200 1343 "http://localhost:3000/" "Mozilla/5.0 (Windows NT 6.3; WOW64) AppleWebKit/537.36 (KHTML, like Gecko) Chrome/49.0.2623.112 Safari/537.36"
::1 - - [Sat, 23 Apr 2016 08:50:03 GMT] "GET /stylesheets/style.css HTTP/1.1" 304 - "http://localhost:3000/archive" "Mozilla/5.0 (Windows NT 6.3; WOW64) AppleWebKit/537.36 (KHTML, like Gecko) Chrome/49.0.2623.112 Safari/537.36"
::1 - - [Sat, 23 Apr 2016 08:50:03 GMT] "GET /favicon.ico HTTP/1.1" 304 - "http://localhost:3000/archive" "Mozilla/5.0 (Windows NT 6.3; WOW64) AppleWebKit/537.36 (KHTML, like Gecko) Chrome/49.0.2623.112 Safari/537.36"
::1 - - [Sat, 23 Apr 2016 08:50:11 GMT] "GET / HTTP/1.1" 304 - "http://localhost:3000/archive" "Mozilla/5.0 (Windows NT 6.3; WOW64) AppleWebKit/537.36 (KHTML, like Gecko) Chrome/49.0.2623.112 Safari/537.36"
::1 - - [Sat, 23 Apr 2016 08:50:11 GMT] "GET /stylesheets/style.css HTTP/1.1" 304 - "http://localhost:3000/" "Mozilla/5.0 (Windows NT 6.3; WOW64) AppleWebKit/537.36 (KHTML, like Gecko) Chrome/49.0.2623.112 Safari/537.36"
::1 - - [Sat, 23 Apr 2016 08:50:11 GMT] "GET /favicon.ico HTTP/1.1" 304 - "http://localhost:3000/" "Mozilla/5.0 (Windows NT 6.3; WOW64) AppleWebKit/537.36 (KHTML, like Gecko) Chrome/49.0.2623.112 Safari/537.36"
::1 - - [Sat, 23 Apr 2016 08:50:12 GMT] "GET /archive HTTP/1.1" 304 - "http://localhost:3000/" "Mozilla/5.0 (Windows NT 6.3; WOW64) AppleWebKit/537.36 (KHTML, like Gecko) Chrome/49.0.2623.112 Safari/537.36"
::1 - - [Sat, 23 Apr 2016 08:50:12 GMT] "GET /stylesheets/style.css HTTP/1.1" 304 - "http://localhost:3000/archive" "Mozilla/5.0 (Windows NT 6.3; WOW64) AppleWebKit/537.36 (KHTML, like Gecko) Chrome/49.0.2623.112 Safari/537.36"
::1 - - [Sat, 23 Apr 2016 08:50:12 GMT] "GET /favicon.ico HTTP/1.1" 304 - "http://localhost:3000/archive" "Mozilla/5.0 (Windows NT 6.3; WOW64) AppleWebKit/537.36 (KHTML, like Gecko) Chrome/49.0.2623.112 Safari/537.36"
::1 - - [Sat, 23 Apr 2016 08:50:15 GMT] "GET /u/2014140223/2016-4-23/hello%EF%BC%8Cworld%EF%BC%81 HTTP/1.1" 200 2003 "http://localhost:3000/archive" "Mozilla/5.0 (Windows NT 6.3; WOW64) AppleWebKit/537.36 (KHTML, like Gecko) Chrome/49.0.2623.112 Safari/537.36"
::1 - - [Sat, 23 Apr 2016 08:50:15 GMT] "GET /stylesheets/style.css HTTP/1.1" 304 - "http://localhost:3000/u/2014140223/2016-4-23/hello%EF%BC%8Cworld%EF%BC%81" "Mozilla/5.0 (Windows NT 6.3; WOW64) AppleWebKit/537.36 (KHTML, like Gecko) Chrome/49.0.2623.112 Safari/537.36"
::1 - - [Sat, 23 Apr 2016 08:50:15 GMT] "GET /favicon.ico HTTP/1.1" 304 - "http://localhost:3000/u/2014140223/2016-4-23/hello%EF%BC%8Cworld%EF%BC%81" "Mozilla/5.0 (Windows NT 6.3; WOW64) AppleWebKit/537.36 (KHTML, like Gecko) Chrome/49.0.2623.112 Safari/537.36"
::1 - - [Sat, 23 Apr 2016 09:19:17 GMT] "GET / HTTP/1.1" 304 - "http://localhost:3000/u/2014140223/2016-4-23/hello%EF%BC%8Cworld%EF%BC%81" "Mozilla/5.0 (Windows NT 6.3; WOW64) AppleWebKit/537.36 (KHTML, like Gecko) Chrome/49.0.2623.112 Safari/537.36"
::1 - - [Sat, 23 Apr 2016 09:19:17 GMT] "GET /stylesheets/style.css HTTP/1.1" 304 - "http://localhost:3000/" "Mozilla/5.0 (Windows NT 6.3; WOW64) AppleWebKit/537.36 (KHTML, like Gecko) Chrome/49.0.2623.112 Safari/537.36"
::1 - - [Sat, 23 Apr 2016 09:19:17 GMT] "GET /favicon.ico HTTP/1.1" 304 - "http://localhost:3000/" "Mozilla/5.0 (Windows NT 6.3; WOW64) AppleWebKit/537.36 (KHTML, like Gecko) Chrome/49.0.2623.112 Safari/537.36"
::1 - - [Sat, 23 Apr 2016 09:19:21 GMT] "GET /tags HTTP/1.1" 200 1034 "http://localhost:3000/" "Mozilla/5.0 (Windows NT 6.3; WOW64) AppleWebKit/537.36 (KHTML, like Gecko) Chrome/49.0.2623.112 Safari/537.36"
::1 - - [Sat, 23 Apr 2016 09:19:21 GMT] "GET /stylesheets/style.css HTTP/1.1" 304 - "http://localhost:3000/tags" "Mozilla/5.0 (Windows NT 6.3; WOW64) AppleWebKit/537.36 (KHTML, like Gecko) Chrome/49.0.2623.112 Safari/537.36"
::1 - - [Sat, 23 Apr 2016 09:19:21 GMT] "GET /favicon.ico HTTP/1.1" 304 - "http://localhost:3000/tags" "Mozilla/5.0 (Windows NT 6.3; WOW64) AppleWebKit/537.36 (KHTML, like Gecko) Chrome/49.0.2623.112 Safari/537.36"
::1 - - [Sat, 23 Apr 2016 09:19:24 GMT] "GET /archive HTTP/1.1" 304 - "http://localhost:3000/tags" "Mozilla/5.0 (Windows NT 6.3; WOW64) AppleWebKit/537.36 (KHTML, like Gecko) Chrome/49.0.2623.112 Safari/537.36"
::1 - - [Sat, 23 Apr 2016 09:19:24 GMT] "GET /stylesheets/style.css HTTP/1.1" 304 - "http://localhost:3000/archive" "Mozilla/5.0 (Windows NT 6.3; WOW64) AppleWebKit/537.36 (KHTML, like Gecko) Chrome/49.0.2623.112 Safari/537.36"
::1 - - [Sat, 23 Apr 2016 09:19:24 GMT] "GET /favicon.ico HTTP/1.1" 304 - "http://localhost:3000/archive" "Mozilla/5.0 (Windows NT 6.3; WOW64) AppleWebKit/537.36 (KHTML, like Gecko) Chrome/49.0.2623.112 Safari/537.36"
::1 - - [Sat, 23 Apr 2016 09:19:29 GMT] "GET /u/2014140223/2016-4-23/hello%EF%BC%8Cworld%EF%BC%81 HTTP/1.1" 200 2007 "http://localhost:3000/archive" "Mozilla/5.0 (Windows NT 6.3; WOW64) AppleWebKit/537.36 (KHTML, like Gecko) Chrome/49.0.2623.112 Safari/537.36"
::1 - - [Sat, 23 Apr 2016 09:19:29 GMT] "GET /stylesheets/style.css HTTP/1.1" 304 - "http://localhost:3000/u/2014140223/2016-4-23/hello%EF%BC%8Cworld%EF%BC%81" "Mozilla/5.0 (Windows NT 6.3; WOW64) AppleWebKit/537.36 (KHTML, like Gecko) Chrome/49.0.2623.112 Safari/537.36"
::1 - - [Sat, 23 Apr 2016 09:19:29 GMT] "GET /favicon.ico HTTP/1.1" 304 - "http://localhost:3000/u/2014140223/2016-4-23/hello%EF%BC%8Cworld%EF%BC%81" "Mozilla/5.0 (Windows NT 6.3; WOW64) AppleWebKit/537.36 (KHTML, like Gecko) Chrome/49.0.2623.112 Safari/537.36"
::1 - - [Sat, 23 Apr 2016 09:19:33 GMT] "GET /favicon.ico HTTP/1.1" 304 - "http://localhost:3000/archive" "Mozilla/5.0 (Windows NT 6.3; WOW64) AppleWebKit/537.36 (KHTML, like Gecko) Chrome/49.0.2623.112 Safari/537.36"
::1 - - [Sat, 23 Apr 2016 09:23:55 GMT] "GET /search?keyword=hello HTTP/1.1" 200 1239 "http://localhost:3000/archive" "Mozilla/5.0 (Windows NT 6.3; WOW64) AppleWebKit/537.36 (KHTML, like Gecko) Chrome/49.0.2623.112 Safari/537.36"
::1 - - [Sat, 23 Apr 2016 09:23:55 GMT] "GET /stylesheets/style.css HTTP/1.1" 304 - "http://localhost:3000/search?keyword=hello" "Mozilla/5.0 (Windows NT 6.3; WOW64) AppleWebKit/537.36 (KHTML, like Gecko) Chrome/49.0.2623.112 Safari/537.36"
::1 - - [Sat, 23 Apr 2016 09:23:55 GMT] "GET /favicon.ico HTTP/1.1" 304 - "http://localhost:3000/search?keyword=hello" "Mozilla/5.0 (Windows NT 6.3; WOW64) AppleWebKit/537.36 (KHTML, like Gecko) Chrome/49.0.2623.112 Safari/537.36"
::1 - - [Sat, 23 Apr 2016 09:23:57 GMT] "GET / HTTP/1.1" 304 - "http://localhost:3000/search?keyword=hello" "Mozilla/5.0 (Windows NT 6.3; WOW64) AppleWebKit/537.36 (KHTML, like Gecko) Chrome/49.0.2623.112 Safari/537.36"
::1 - - [Sat, 23 Apr 2016 09:23:57 GMT] "GET /stylesheets/style.css HTTP/1.1" 304 - "http://localhost:3000/" "Mozilla/5.0 (Windows NT 6.3; WOW64) AppleWebKit/537.36 (KHTML, like Gecko) Chrome/49.0.2623.112 Safari/537.36"
::1 - - [Sat, 23 Apr 2016 09:23:57 GMT] "GET /favicon.ico HTTP/1.1" 304 - "http://localhost:3000/" "Mozilla/5.0 (Windows NT 6.3; WOW64) AppleWebKit/537.36 (KHTML, like Gecko) Chrome/49.0.2623.112 Safari/537.36"
::1 - - [Sat, 23 Apr 2016 09:24:07 GMT] "GET /search?keyword=GTA5 HTTP/1.1" 200 938 "http://localhost:3000/" "Mozilla/5.0 (Windows NT 6.3; WOW64) AppleWebKit/537.36 (KHTML, like Gecko) Chrome/49.0.2623.112 Safari/537.36"
::1 - - [Sat, 23 Apr 2016 09:24:07 GMT] "GET /stylesheets/style.css HTTP/1.1" 304 - "http://localhost:3000/search?keyword=GTA5" "Mozilla/5.0 (Windows NT 6.3; WOW64) AppleWebKit/537.36 (KHTML, like Gecko) Chrome/49.0.2623.112 Safari/537.36"
::1 - - [Sat, 23 Apr 2016 09:24:07 GMT] "GET /favicon.ico HTTP/1.1" 304 - "http://localhost:3000/search?keyword=GTA5" "Mozilla/5.0 (Windows NT 6.3; WOW64) AppleWebKit/537.36 (KHTML, like Gecko) Chrome/49.0.2623.112 Safari/537.36"
::1 - - [Thu, 05 May 2016 11:11:14 GMT] "GET /stylesheets/style.css HTTP/1.1" 200 1930 "http://localhost:3000/" "Mozilla/5.0 (Windows NT 6.3; WOW64) AppleWebKit/537.36 (KHTML, like Gecko) Chrome/50.0.2661.94 Safari/537.36"
::1 - - [Thu, 05 May 2016 11:11:14 GMT] "GET / HTTP/1.1" 200 1991 "-" "Mozilla/5.0 (Windows NT 6.3; WOW64) AppleWebKit/537.36 (KHTML, like Gecko) Chrome/50.0.2661.94 Safari/537.36"
::1 - - [Thu, 05 May 2016 11:11:14 GMT] "GET /favicon.ico HTTP/1.1" 200 224 "http://localhost:3000/" "Mozilla/5.0 (Windows NT 6.3; WOW64) AppleWebKit/537.36 (KHTML, like Gecko) Chrome/50.0.2661.94 Safari/537.36"
